<?xml version="1.0" encoding="UTF-8"?>
<Site BuildName="(empty)"
	BuildStamp="20240718-1711-Experimental"
	Name="(empty)"
	Generator="ctest-3.30.0-rc3"
	CompilerName=""
	CompilerVersion=""
	OSName="Windows"
	Hostname="SWIFT"
	OSRelease=" Personal"
	OSVersion=" (Build 22631)"
	OSPlatform="AMD64"
	Is64Bits="1"
	VendorString="AuthenticAMD"
	VendorID="Advanced Micro Devices"
	FamilyID="15"
	ModelID="0"
	ProcessorCacheSize="64"
	NumberOfLogicalCPU="8"
	NumberOfPhysicalCPU="8"
	TotalVirtualMemory="19837"
	TotalPhysicalMemory="7549"
	LogicalProcessorsPerPhysical="1"
	ProcessorClockFrequency="1996"
	>
	<Testing>
		<StartDateTime>Jul 18 12:00 Pacific Daylight Time</StartDateTime>
		<StartTestTime>1721329228</StartTestTime>
		<TestList>
			<Test>./test/tests</Test>
		</TestList>
		<Test Status="failed">
			<Name>tests</Name>
			<Path>./test</Path>
			<FullName>./test/tests</FullName>
			<FullCommandLine>C:\Users\thebr\google\build\test\tests.exe</FullCommandLine>
			<Results>
				<NamedMeasurement type="text/string" name="Exit Code">
					<Value>Failed</Value>
				</NamedMeasurement>
				<NamedMeasurement type="text/string" name="Exit Value">
					<Value>1</Value>
				</NamedMeasurement>
				<NamedMeasurement type="numeric/double" name="Execution Time">
					<Value>0.0134894</Value>
				</NamedMeasurement>
				<NamedMeasurement type="numeric/double" name="Processors">
					<Value>1</Value>
				</NamedMeasurement>
				<NamedMeasurement type="text/string" name="Completion Status">
					<Value>Completed</Value>
				</NamedMeasurement>
				<NamedMeasurement type="text/string" name="Command Line">
					<Value>C:\Users\thebr\google\build\test\tests.exe</Value>
				</NamedMeasurement>
				<NamedMeasurement type="text/string" name="Environment">
					<Value>#CTEST_RESOURCE_GROUP_COUNT=</Value>
				</NamedMeasurement>
				<Measurement>
					<Value encoding="base64" compression="gzip">eJyVVdtu2zAMfddX8DEBaqPB7gb24LXpFqxIiyRFgSXBoNisLUCWPF3S9e/nS5xEnRs7erAt6hzykLKomRWCiQQyysRgCE9KZnAVrB40Kr0yKW7UKpEy4bh7GdTm+FOraJWUX79LD34UkeXX/VjDbOd+dAklSNcBPlQT0JYVb58svf1Yw3cuN5TXABRbpqTIUBRgNJ7NX4E/HnsN45gZJsWiMJElzB6mUI21s+L/oCLmqO+lLmxbnIjclvB63P3sA4fBJWR62B1kigk9BGmva1XG8uFHeR6MRgHcUMatQjL+m2NkMAb8Yyln5gXkExRcjbCl3KIOCACN44H37gK890NSCnlMWZQC0wF4nwqD95mUyd2Ek9vxdS+Z3cnNUFtuJnoqRcN8TFFUbB0qPLKfKOwZXrolNZOJvpJZZk1X8FZ8vzAi+YVKztBYJfScZji12QZVR7A3WOcU29yi1ouUilC89P17e7D3EnodrBoNRhrKh8QljepTW3HGW2w5iI3VL4sx0eXUFd8CaNXXFqqvtGu2ZTH+L+5gb85FZSm27tu+Ym173Z/XmcrBVd9k7nJUtL3rOUuNtGYv3RROQjtVO+y+wkPFTJqhYVFLv3bWjvTU9Xn1v58Gd6p3+afkv3U1GaTKi+WzcO++E3ceKCp8N1SR0304n9dN+kvN9N3WXau+AM50eStskMvn4MzuTkjhZodfjOcL8g+2e5Kk====</Value>
				</Measurement>
			</Results>
		</Test>
		<EndDateTime>Jul 18 12:00 Pacific Daylight Time</EndDateTime>
		<EndTestTime>1721329228</EndTestTime>
		<ElapsedMinutes>0</ElapsedMinutes>
	</Testing>
</Site>
