Start testing: Aug 01 20:56 PDT
----------------------------------------------------------
1/1 Testing: tests
1/1 Test: tests
Command: "/home/qjb12/google/build/test/tests"
Directory: /home/qjb12/google/build/test
"tests" start time: Aug 01 20:56 PDT
Output:
----------------------------------------------------------
Running main() from /home/qjb12/google/googletest/googletest/src/gtest_main.cc
[==========] Running 10 tests from 5 test suites.
[----------] Global test environment set-up.
[----------] 6 tests from AdditionTest
[ RUN      ] AdditionTest.HandlesPositiveInput
[       OK ] AdditionTest.HandlesPositiveInput (0 ms)
[ RUN      ] AdditionTest.HandlesNegativeInput
/home/qjb12/google/test/test.cpp:11: Failure
Expected equality of these values:
  add(-3, -4)
    Which is: -7
  -8

[  FAILED  ] AdditionTest.HandlesNegativeInput (0 ms)
[ RUN      ] AdditionTest.ResultIsNonNegativeWhenInputsAreNonNegative
[       OK ] AdditionTest.ResultIsNonNegativeWhenInputsAreNonNegative (0 ms)
[ RUN      ] AdditionTest.AdditionIsCommutative
[       OK ] AdditionTest.AdditionIsCommutative (0 ms)
[ RUN      ] AdditionTest.AddingZeroReturnsSameNumber
[       OK ] AdditionTest.AddingZeroReturnsSameNumber (0 ms)
[ RUN      ] AdditionTest.ResultIsNotLessThanAnyPositiveInput
[       OK ] AdditionTest.ResultIsNotLessThanAnyPositiveInput (0 ms)
[----------] 6 tests from AdditionTest (0 ms total)

[----------] 1 test from EvenTest
[ RUN      ] EvenTest.ZeroIsEven
[       OK ] EvenTest.ZeroIsEven (0 ms)
[----------] 1 test from EvenTest (0 ms total)

[----------] 1 test from DivideTest
[ RUN      ] DivideTest.HandlesDividingByPositiveNumber
[       OK ] DivideTest.HandlesDividingByPositiveNumber (0 ms)
[----------] 1 test from DivideTest (0 ms total)

[----------] 1 test from OperationTest
[ RUN      ] OperationTest.HandlesAddition
[       OK ] OperationTest.HandlesAddition (0 ms)
[----------] 1 test from OperationTest (0 ms total)

[----------] 1 test from ArithmeticTest
[ RUN      ] ArithmeticTest.HandlesAddDivide
[       OK ] ArithmeticTest.HandlesAddDivide (0 ms)
[----------] 1 test from ArithmeticTest (0 ms total)

[----------] Global test environment tear-down
[==========] 10 tests from 5 test suites ran. (0 ms total)
[  PASSED  ] 9 tests.
[  FAILED  ] 1 test, listed below:
[  FAILED  ] AdditionTest.HandlesNegativeInput

 1 FAILED TEST
<end of output>
Test time =   0.00 sec
----------------------------------------------------------
Test Failed.
"tests" end time: Aug 01 20:56 PDT
"tests" time elapsed: 00:00:00
----------------------------------------------------------

End testing: Aug 01 20:56 PDT
