<?xml version="1.0" encoding="UTF-8"?>
<Site BuildName="(empty)"
	BuildStamp="20240709-1602-Experimental"
	Name="(empty)"
	Generator="ctest-3.30.0-rc3"
	CompilerName=""
	CompilerVersion=""
	OSName="Windows"
	Hostname="SWIFT"
	OSRelease=" Personal"
	OSVersion=" (Build 22631)"
	OSPlatform="AMD64"
	Is64Bits="1"
	VendorString="AuthenticAMD"
	VendorID="Advanced Micro Devices"
	FamilyID="15"
	ModelID="0"
	ProcessorCacheSize="64"
	NumberOfLogicalCPU="8"
	NumberOfPhysicalCPU="8"
	TotalVirtualMemory="19837"
	TotalPhysicalMemory="7549"
	LogicalProcessorsPerPhysical="1"
	ProcessorClockFrequency="1996"
	>
	<Testing>
		<StartDateTime>Jul 09 10:36 Pacific Daylight Time</StartDateTime>
		<StartTestTime>1720546610</StartTestTime>
		<TestList>
			<Test>./test/tests</Test>
		</TestList>
		<Test Status="passed">
			<Name>tests</Name>
			<Path>./test</Path>
			<FullName>./test/tests</FullName>
			<FullCommandLine>C:\Users\thebr\google\build\test\tests.exe</FullCommandLine>
			<Results>
				<NamedMeasurement type="numeric/double" name="Execution Time">
					<Value>0.0368258</Value>
				</NamedMeasurement>
				<NamedMeasurement type="numeric/double" name="Processors">
					<Value>1</Value>
				</NamedMeasurement>
				<NamedMeasurement type="text/string" name="Completion Status">
					<Value>Completed</Value>
				</NamedMeasurement>
				<NamedMeasurement type="text/string" name="Command Line">
					<Value>C:\Users\thebr\google\build\test\tests.exe</Value>
				</NamedMeasurement>
				<NamedMeasurement type="text/string" name="Environment">
					<Value>#CTEST_RESOURCE_GROUP_COUNT=</Value>
				</NamedMeasurement>
				<Measurement>
					<Value encoding="base64" compression="gzip">eJyNkEFrwzAMhe/+FTo2h5jtOtihbGMbha2k6ykJw0201OBIxVa6v794DqUZDPIuFtLHk5+KgchSB72xtMrgy3MPD3fVPqAPlRzx4KuOuXM4PYJBrsvgm6qL1Wd00E2jyvuLaigm+1uITLKf6jBYQa3K/KIanh0fjEtzpLP1TD3SyKLkw+kPfO25blsrlulj7KgSiv0b/KqeTfSLodZh2HIYe2d8pdMQ8aT3zRIcVjfQh2zZVxIMwmJcppZlFTQ+b/mb5pf874LgDen5njHQdr3bPT3G/InV6gfKPp5e====</Value>
				</Measurement>
			</Results>
		</Test>
		<EndDateTime>Jul 09 10:36 Pacific Daylight Time</EndDateTime>
		<EndTestTime>1720546610</EndTestTime>
		<ElapsedMinutes>0</ElapsedMinutes>
	</Testing>
</Site>
