<?xml version="1.0" encoding="UTF-8"?>
<Site BuildName="(empty)"
	BuildStamp="20240715-1942-Experimental"
	Name="(empty)"
	Generator="ctest-3.30.0-rc3"
	CompilerName=""
	CompilerVersion=""
	OSName="Windows"
	Hostname="SWIFT"
	OSRelease=" Personal"
	OSVersion=" (Build 22631)"
	OSPlatform="AMD64"
	Is64Bits="1"
	VendorString="AuthenticAMD"
	VendorID="Advanced Micro Devices"
	FamilyID="15"
	ModelID="0"
	ProcessorCacheSize="64"
	NumberOfLogicalCPU="8"
	NumberOfPhysicalCPU="8"
	TotalVirtualMemory="19837"
	TotalPhysicalMemory="7549"
	LogicalProcessorsPerPhysical="1"
	ProcessorClockFrequency="1996"
	>
	<Testing>
		<StartDateTime>Jul 15 12:48 Pacific Daylight Time</StartDateTime>
		<StartTestTime>1721072885</StartTestTime>
		<TestList>
			<Test>./test/tests</Test>
		</TestList>
		<Test Status="failed">
			<Name>tests</Name>
			<Path>./test</Path>
			<FullName>./test/tests</FullName>
			<FullCommandLine>C:\Users\thebr\google\build\test\tests.exe</FullCommandLine>
			<Results>
				<NamedMeasurement type="text/string" name="Exit Code">
					<Value>Failed</Value>
				</NamedMeasurement>
				<NamedMeasurement type="text/string" name="Exit Value">
					<Value>1</Value>
				</NamedMeasurement>
				<NamedMeasurement type="numeric/double" name="Execution Time">
					<Value>0.0823827</Value>
				</NamedMeasurement>
				<NamedMeasurement type="numeric/double" name="Processors">
					<Value>1</Value>
				</NamedMeasurement>
				<NamedMeasurement type="text/string" name="Completion Status">
					<Value>Completed</Value>
				</NamedMeasurement>
				<NamedMeasurement type="text/string" name="Command Line">
					<Value>C:\Users\thebr\google\build\test\tests.exe</Value>
				</NamedMeasurement>
				<NamedMeasurement type="text/string" name="Environment">
					<Value>#CTEST_RESOURCE_GROUP_COUNT=</Value>
				</NamedMeasurement>
				<Measurement>
					<Value encoding="base64" compression="gzip">eJyVVNtu2zAMfddX8DEBaqNFh7UwsIe0TbdgRVY4KQosCQbFZh0BspSJkrv+fX3JzZ1TO3qwJfoc8pAyGTqlhEog5UL1+vBidAq3wfyJ0NDcrnBp5onWicTNyyLZwy2ZaJ4Uuz+FBz+K2Ozbbi0g3Li/hgJDlf/L8gDkRP722czbrQV8l3rJZQVAlQmjVYoqB6P13PoD+Ouh10EcCyu0muYmNoPwaQzlWtS++D+4iiXSo6bcluFIrV0Br9avn13g0DuHlPrtQcaY8H2Q5rKWVSwefrReBxfnAdxzIZ1BNvy3xshiDPjXcSnsG+gXyLmEkHHpkAIGwOO4512egfelzwohzysRrUBQAN5VbvCuWZHc/WD0MLzrJLM9uRDJSTuisVZb5vMKVcmmgcED+yeFPcFLu6TtYUS3Ok2dbQveiO8WRiW/0egQrTOKJjzFsUuXaFqCHWGdUmz7gETTFVcD9db17+3A3kno1FgVGqy2XPZZnXRRdW3JGWbY0Ihbq18UY0TFsS6+AdCorylUV2l3IhMx/i9ub9/2RWnJr+5mV7Gmu+7Oa01l7+qzZI6NSIvceLF+VfURfHz0guHKr0fKM3scTCbVrLiqmH59glSCz0AKKobTEqV+DU4cMozlbjb46XAyZe+mkB1t====</Value>
				</Measurement>
			</Results>
		</Test>
		<EndDateTime>Jul 15 12:48 Pacific Daylight Time</EndDateTime>
		<EndTestTime>1721072885</EndTestTime>
		<ElapsedMinutes>0</ElapsedMinutes>
	</Testing>
</Site>
